<?xml version="1.0" encoding="UTF-8"?>
<!-- Generated by org.testng.reporters.JUnitReportReporter -->
<testsuite hostname="LAPTOP-BD6DVP76" failures="0" tests="1" name="testCase.TC_AccountRegistraionTest_TC001" time="5.347" errors="0" timestamp="2025-06-08T07:08:04 EDT" skipped="0">
  <testcase classname="testCase.TC_AccountRegistraionTest_TC001" name="verify_account_registration" time="5.347"/>
</testsuite> <!-- testCase.TC_AccountRegistraionTest_TC001 -->
