<?xml version="1.0" encoding="UTF-8"?>
<!-- Generated by org.testng.reporters.JUnitReportReporter -->
<testsuite hostname="LAPTOP-BD6DVP76" failures="0" tests="1" name="testCase.fdfd" time="1.548" errors="0" timestamp="2025-06-01T08:52:27 EDT" skipped="0">
  <testcase classname="testCase.fdfd" name="getrow" time="1.548"/>
</testsuite> <!-- testCase.fdfd -->
