<?xml version="1.0" encoding="UTF-8"?>
<!-- Generated by org.testng.reporters.JUnitReportReporter -->
<testsuite hostname="LAPTOP-BD6DVP76" failures="0" tests="6" name="testCase.TC003_LoginDDT" time="87.094" errors="0" timestamp="2025-06-01T09:00:45 EDT" skipped="0">
  <testcase classname="testCase.TC003_LoginDDT" name="Verify_Login" time="6.134"/>
  <testcase classname="testCase.TC003_LoginDDT" name="Verify_Login" time="24.904"/>
  <testcase classname="testCase.TC003_LoginDDT" name="Verify_Login" time="25.491"/>
  <testcase classname="testCase.TC003_LoginDDT" name="Verify_Login" time="4.552"/>
  <testcase classname="testCase.TC003_LoginDDT" name="Verify_Login" time="4.063"/>
  <testcase classname="testCase.TC003_LoginDDT" name="Verify_Login" time="21.950"/>
</testsuite> <!-- testCase.TC003_LoginDDT -->
